# JRE version: Java(TM) SE Runtime Environment (8.0_271-b09) (build 1.8.0_271-b09)
# Java VM: Java HotSpot(TM) 64-Bit Server VM (25.271-b09 mixed mode windows-amd64 compressed oops)
Heap:
 PSYoungGen      total 73728K, used 31527K [0x000000076e380000, 0x0000000775680000, 0x00000007c0000000)
  eden space 63488K, 44% used [0x000000076e380000,0x000000076fece5b8,0x0000000772180000)
  from space 10240K, 34% used [0x0000000772b80000,0x0000000772efb888,0x0000000773580000)
  to   space 10240K, 0% used [0x0000000772180000,0x0000000772180000,0x0000000772b80000)
 ParOldGen       total 116736K, used 3698K [0x00000006caa00000, 0x00000006d1c00000, 0x000000076e380000)
  object space 116736K, 3% used [0x00000006caa00000,0x00000006cad9c900,0x00000006d1c00000)
 Metaspace       used 12337K, capacity 12694K, committed 12928K, reserved 1064960K
  class space    used 1526K, capacity 1620K, committed 1664K, reserved 1048576K
GC Heap History (6 events):
Event: 0.678 GC heap before
{Heap before GC invocations=1 (full 0):
 PSYoungGen      total 73728K, used 30504K [0x000000076e380000, 0x0000000773580000, 0x00000007c0000000)
  eden space 63488K, 48% used [0x000000076e380000,0x000000077014a0e8,0x0000000772180000)
  from space 10240K, 0% used [0x0000000772b80000,0x0000000772b80000,0x0000000773580000)
  to   space 10240K, 0% used [0x0000000772180000,0x0000000772180000,0x0000000772b80000)
 ParOldGen       total 167936K, used 0K [0x00000006caa00000, 0x00000006d4e00000, 0x000000076e380000)
  object space 167936K, 0% used [0x00000006caa00000,0x00000006caa00000,0x00000006d4e00000)
 Metaspace       used 9312K, capacity 9512K, committed 9728K, reserved 1062912K
  class space    used 1107K, capacity 1168K, committed 1280K, reserved 1048576K
Event: 0.682 GC heap after
Heap after GC invocations=1 (full 0):
 PSYoungGen      total 73728K, used 3939K [0x000000076e380000, 0x0000000773580000, 0x00000007c0000000)
  eden space 63488K, 0% used [0x000000076e380000,0x000000076e380000,0x0000000772180000)
  from space 10240K, 38% used [0x0000000772180000,0x0000000772558f58,0x0000000772b80000)
  to   space 10240K, 0% used [0x0000000772b80000,0x0000000772b80000,0x0000000773580000)
 ParOldGen       total 167936K, used 16K [0x00000006caa00000, 0x00000006d4e00000, 0x000000076e380000)
  object space 167936K, 0% used [0x00000006caa00000,0x00000006caa04000,0x00000006d4e00000)
 Metaspace       used 9312K, capacity 9512K, committed 9728K, reserved 1062912K
  class space    used 1107K, capacity 1168K, committed 1280K, reserved 1048576K
}
Event: 0.682 GC heap before
{Heap before GC invocations=2 (full 1):
 PSYoungGen      total 73728K, used 3939K [0x000000076e380000, 0x0000000773580000, 0x00000007c0000000)
  eden space 63488K, 0% used [0x000000076e380000,0x000000076e380000,0x0000000772180000)
  from space 10240K, 38% used [0x0000000772180000,0x0000000772558f58,0x0000000772b80000)
  to   space 10240K, 0% used [0x0000000772b80000,0x0000000772b80000,0x0000000773580000)
 ParOldGen       total 167936K, used 16K [0x00000006caa00000, 0x00000006d4e00000, 0x000000076e380000)
  object space 167936K, 0% used [0x00000006caa00000,0x00000006caa04000,0x00000006d4e00000)
 Metaspace       used 9312K, capacity 9512K, committed 9728K, reserved 1062912K
  class space    used 1107K, capacity 1168K, committed 1280K, reserved 1048576K
Event: 0.693 GC heap after
Heap after GC invocations=2 (full 1):
 PSYoungGen      total 73728K, used 0K [0x000000076e380000, 0x0000000773580000, 0x00000007c0000000)
  eden space 63488K, 0% used [0x000000076e380000,0x000000076e380000,0x0000000772180000)
  from space 10240K, 0% used [0x0000000772180000,0x0000000772180000,0x0000000772b80000)
  to   space 10240K, 0% used [0x0000000772b80000,0x0000000772b80000,0x0000000773580000)
 ParOldGen       total 116736K, used 3690K [0x00000006caa00000, 0x00000006d1c00000, 0x000000076e380000)
  object space 116736K, 3% used [0x00000006caa00000,0x00000006cad9a900,0x00000006d1c00000)
 Metaspace       used 9312K, capacity 9512K, committed 9728K, reserved 1060864K
  class space    used 1107K, capacity 1168K, committed 1280K, reserved 1048576K
}
Event: 0.828 GC heap before
{Heap before GC invocations=3 (full 1):
 PSYoungGen      total 73728K, used 63488K [0x000000076e380000, 0x0000000773580000, 0x00000007c0000000)
  eden space 63488K, 100% used [0x000000076e380000,0x0000000772180000,0x0000000772180000)
  from space 10240K, 0% used [0x0000000772180000,0x0000000772180000,0x0000000772b80000)
  to   space 10240K, 0% used [0x0000000772b80000,0x0000000772b80000,0x0000000773580000)
 ParOldGen       total 116736K, used 3690K [0x00000006caa00000, 0x00000006d1c00000, 0x000000076e380000)
  object space 116736K, 3% used [0x00000006caa00000,0x00000006cad9a900,0x00000006d1c00000)
 Metaspace       used 10148K, capacity 10376K, committed 10624K, reserved 1060864K
  class space    used 1216K, capacity 1286K, committed 1408K, reserved 1048576K
Event: 0.833 GC heap after
Heap after GC invocations=3 (full 1):
 PSYoungGen      total 73728K, used 3566K [0x000000076e380000, 0x0000000775680000, 0x00000007c0000000)
  eden space 63488K, 0% used [0x000000076e380000,0x000000076e380000,0x0000000772180000)
  from space 10240K, 34% used [0x0000000772b80000,0x0000000772efb888,0x0000000773580000)
  to   space 10240K, 0% used [0x0000000772180000,0x0000000772180000,0x0000000772b80000)
 ParOldGen       total 116736K, used 3698K [0x00000006caa00000, 0x00000006d1c00000, 0x000000076e380000)
  object space 116736K, 3% used [0x00000006caa00000,0x00000006cad9c900,0x00000006d1c00000)
 Metaspace       used 10148K, capacity 10376K, committed 10624K, reserved 1060864K
  class space    used 1216K, capacity 1286K, committed 1408K, reserved 1048576K
}

